<?xml version="1.0" encoding="UTF-8"?>
<!-- Generated by org.testng.reporters.JUnitReportReporter -->
<testsuite hostname="NARESH" failures="0" tests="1" name="login.com.actitime.demo.LoginPage" time="17.489" errors="0" timestamp="26 Aug 2019 05:43:26 GMT" skipped="0">
  <testcase classname="login.com.actitime.demo.LoginPage" name="login" time="17.489"/>
</testsuite> <!-- login.com.actitime.demo.LoginPage -->
