<?xml version="1.0" encoding="UTF-8"?>
<!-- Generated by org.testng.reporters.JUnitReportReporter -->
<testsuite hostname="NARESH" failures="0" tests="1" name="login.com.actitime.demo.LoginPage" time="34.775" errors="0" timestamp="26 Aug 2019 10:56:11 GMT" skipped="0">
  <testcase classname="login.com.actitime.demo.LoginPage" name="login" time="34.775"/>
</testsuite> <!-- login.com.actitime.demo.LoginPage -->
