<?xml version="1.0" encoding="UTF-8"?>
<!-- Generated by org.testng.reporters.JUnitReportReporter -->
<testsuite hostname="NARESH" failures="0" tests="1" name="com.flipkart.Addtocart" time="57.660" errors="0" timestamp="28 Aug 2019 05:34:13 GMT" skipped="0">
  <testcase classname="com.flipkart.Addtocart" name="addtocart" time="57.660"/>
</testsuite> <!-- com.flipkart.Addtocart -->
