<?xml version="1.0" encoding="UTF-8"?>
<!-- Generated by org.testng.reporters.JUnitReportReporter -->
<testsuite hostname="NARESH" failures="0" tests="1" name="com.flipkart.Addtocart" time="55.748" errors="0" timestamp="27 Aug 2019 11:49:03 GMT" skipped="0">
  <testcase classname="com.flipkart.Addtocart" name="addtocart" time="55.748"/>
</testsuite> <!-- com.flipkart.Addtocart -->
